<?xml version="1.0" encoding="utf-8"?><testsuites name="pytest tests"><testsuite name="pytest" errors="0" failures="0" skipped="0" tests="35" time="6.640" timestamp="2026-05-09T08:09:22.546878+00:00" hostname="agent-env-2b79e8ff-524a-4c1c-8da9-ec599a9e75ef"><testcase classname="backend.tests.test_emergent_auth.TestPublicConfig" name="test_emergent_auth_enabled" time="0.124" /><testcase classname="backend.tests.test_emergent_auth.TestAuthSession" name="test_missing_session_id_header_returns_400" time="0.045" /><testcase classname="backend.tests.test_emergent_auth.TestAuthSession" name="test_invalid_session_id_returns_401_or_502" time="0.189" /><testcase classname="backend.tests.test_emergent_auth.TestAuthSession" name="test_session_token_alone_does_not_validate_via_session_endpoint" time="0.123" /><testcase classname="backend.tests.test_emergent_auth.TestCookieAuth" name="test_auth_me_via_cookie" time="0.107" /><testcase classname="backend.tests.test_emergent_auth.TestCookieAuth" name="test_auth_me_via_bearer_session_token" time="0.117" /><testcase classname="backend.tests.test_emergent_auth.TestCookieAuth" name="test_no_auth_returns_401" time="0.100" /><testcase classname="backend.tests.test_emergent_auth.TestLegacyJWT" name="test_demo_login_jwt_bearer" time="0.096" /><testcase classname="backend.tests.test_emergent_auth.TestOnboarding" name="test_onboarding_non_master_missing_type_returns_400" time="0.116" /><testcase classname="backend.tests.test_emergent_auth.TestOnboarding" name="test_onboarding_non_master_with_type_persists" time="0.207" /><testcase classname="backend.tests.test_emergent_auth.TestOnboarding" name="test_onboarding_master_no_business_type_required" time="0.107" /><testcase classname="backend.tests.test_emergent_auth.TestLogout" name="test_logout_clears_cookie_and_session" time="0.330" /><testcase classname="backend.tests.test_emergent_auth.TestMasterCookieAuth" name="test_admin_settings_master_via_cookie" time="0.107" /><testcase classname="backend.tests.test_emergent_auth.TestMasterCookieAuth" name="test_admin_settings_non_master_403_via_cookie" time="0.110" /><testcase classname="backend.tests.test_emergent_auth.TestMasterCookieAuth" name="test_admin_users_list_via_cookie" time="0.104" /><testcase classname="backend.tests.test_leadmap.TestAuth" name="test_master_login" time="0.108" /><testcase classname="backend.tests.test_leadmap.TestAuth" name="test_new_non_master_without_business_type_returns_400" time="0.056" /><testcase classname="backend.tests.test_leadmap.TestAuth" name="test_new_non_master_with_business_type" time="0.090" /><testcase classname="backend.tests.test_leadmap.TestAuth" name="test_login_missing_email" time="0.056" /><testcase classname="backend.tests.test_leadmap.TestAuth" name="test_auth_me_valid" time="0.095" /><testcase classname="backend.tests.test_leadmap.TestAuth" name="test_auth_me_invalid_token" time="0.046" /><testcase classname="backend.tests.test_leadmap.TestPublicConfig" name="test_public_config" time="0.046" /><testcase classname="backend.tests.test_leadmap.TestPlaces" name="test_places_search_no_auth" time="0.047" /><testcase classname="backend.tests.test_leadmap.TestPlaces" name="test_places_search_with_auth" time="3.218" /><testcase classname="backend.tests.test_leadmap.TestPlaces" name="test_places_extract_emails_empty" time="0.067" /><testcase classname="backend.tests.test_leadmap.TestEmail" name="test_email_configure_mismatched" time="0.046" /><testcase classname="backend.tests.test_leadmap.TestEmail" name="test_email_send_bulk_unconfigured_returns_400" time="0.096" /><testcase classname="backend.tests.test_leadmap.TestEmail" name="test_non_master_recipient_limit" time="0.000" /><testcase classname="backend.tests.test_leadmap.TestAdmin" name="test_admin_settings_master" time="0.047" /><testcase classname="backend.tests.test_leadmap.TestAdmin" name="test_admin_settings_non_master_403" time="0.045" /><testcase classname="backend.tests.test_leadmap.TestAdmin" name="test_admin_update_settings" time="0.141" /><testcase classname="backend.tests.test_leadmap.TestAdmin" name="test_admin_invalid_data_source" time="0.057" /><testcase classname="backend.tests.test_leadmap.TestAdmin" name="test_admin_users_list" time="0.048" /><testcase classname="backend.tests.test_leadmap.TestAdmin" name="test_admin_users_non_master_403" time="0.047" /><testcase classname="backend.tests.test_leadmap.TestAdmin" name="test_admin_toggle_user_permission" time="0.142" /></testsuite></testsuites>