<?xml version="1.0" encoding="utf-8"?><testsuites name="pytest tests"><testsuite name="pytest" errors="0" failures="1" skipped="0" tests="15" time="2.790" timestamp="2026-05-09T08:09:09.380523+00:00" hostname="agent-env-2b79e8ff-524a-4c1c-8da9-ec599a9e75ef"><testcase classname="backend.tests.test_emergent_auth.TestPublicConfig" name="test_emergent_auth_enabled" time="0.282" /><testcase classname="backend.tests.test_emergent_auth.TestAuthSession" name="test_missing_session_id_header_returns_400" time="0.050" /><testcase classname="backend.tests.test_emergent_auth.TestAuthSession" name="test_invalid_session_id_returns_401_or_502" time="0.258" /><testcase classname="backend.tests.test_emergent_auth.TestAuthSession" name="test_session_token_alone_does_not_validate_via_session_endpoint" time="0.181" /><testcase classname="backend.tests.test_emergent_auth.TestCookieAuth" name="test_auth_me_via_cookie" time="0.145" /><testcase classname="backend.tests.test_emergent_auth.TestCookieAuth" name="test_auth_me_via_bearer_session_token" time="0.112" /><testcase classname="backend.tests.test_emergent_auth.TestCookieAuth" name="test_no_auth_returns_401" time="0.141" /><testcase classname="backend.tests.test_emergent_auth.TestLegacyJWT" name="test_demo_login_jwt_bearer" time="0.108"><failure message="AssertionError: assert 'test_emerge_...0816@test.com' == 'TEST_emerge_...0816@test.com'&#10;  &#10;  - TEST_emerge_jwt_1778314150816@test.com&#10;  ? ^^^^&#10;  + test_emerge_jwt_1778314150816@test.com&#10;  ? ^^^^">backend/tests/test_emergent_auth.py:159: in test_demo_login_jwt_bearer
    assert me.json()["email"] == email
E   AssertionError: assert 'test_emerge_...0816@test.com' == 'TEST_emerge_...0816@test.com'
E     
E     - TEST_emerge_jwt_1778314150816@test.com
E     ? ^^^^
E     + test_emerge_jwt_1778314150816@test.com
E     ? ^^^^</failure></testcase><testcase classname="backend.tests.test_emergent_auth.TestOnboarding" name="test_onboarding_non_master_missing_type_returns_400" time="0.107" /><testcase classname="backend.tests.test_emergent_auth.TestOnboarding" name="test_onboarding_non_master_with_type_persists" time="0.332" /><testcase classname="backend.tests.test_emergent_auth.TestOnboarding" name="test_onboarding_master_no_business_type_required" time="0.105" /><testcase classname="backend.tests.test_emergent_auth.TestLogout" name="test_logout_clears_cookie_and_session" time="0.358" /><testcase classname="backend.tests.test_emergent_auth.TestMasterCookieAuth" name="test_admin_settings_master_via_cookie" time="0.099" /><testcase classname="backend.tests.test_emergent_auth.TestMasterCookieAuth" name="test_admin_settings_non_master_403_via_cookie" time="0.102" /><testcase classname="backend.tests.test_emergent_auth.TestMasterCookieAuth" name="test_admin_users_list_via_cookie" time="0.109" /></testsuite></testsuites>